<?xml version="1.0" encoding="UTF-8"?>
<testng-results ignored="0" total="1" passed="1" failed="0" skipped="0">
  <reporter-output>
  </reporter-output>
  <suite started-at="2023-06-12T23:23:50 IST" name="Suite" finished-at="2023-06-12T23:23:57 IST" duration-ms="7064">
    <groups>
    </groups>
    <test started-at="2023-06-12T23:23:50 IST" name="Test" finished-at="2023-06-12T23:23:57 IST" duration-ms="7064">
      <class name="testClass.post_1">
        <test-method signature="execute()[pri:0, instance:testClass.post_1@225129c]" started-at="2023-06-12T23:23:50 IST" name="execute" finished-at="2023-06-12T23:23:57 IST" duration-ms="6863" status="PASS">
          <reporter-output>
          </reporter-output>
        </test-method> <!-- execute -->
      </class> <!-- testClass.post_1 -->
    </test> <!-- Test -->
  </suite> <!-- Suite -->
</testng-results>
